<?xml version="1.0" encoding="UTF-8"?>
<!DOCTYPE properties SYSTEM "http://java.sun.com/dtd/properties.dtd">
<properties version="1.0">
  <comment>Sample test run arguments (ets-kml22)</comment>
  <entry key="iut">atom-feed.xml</entry>
  <entry key="ics">class-A,class-B</entry>
</properties>
